/home/pj24003105/ku40003290/ringtest-temp/./x86_64/special:10: DeprecationWarning: pkg_resources is deprecated as an API. See https://setuptools.pypa.io/en/latest/pkg_resources.html
  from pkg_resources import working_set
/home/pj24003105/ku40003290/ringtest-temp/./x86_64/special:10: DeprecationWarning: pkg_resources is deprecated as an API. See https://setuptools.pypa.io/en/latest/pkg_resources.html
  from pkg_resources import working_set
/home/pj24003105/ku40003290/ringtest-temp/./x86_64/special:10: DeprecationWarning: pkg_resources is deprecated as an API. See https://setuptools.pypa.io/en/latest/pkg_resources.html
  from pkg_resources import working_set
/home/pj24003105/ku40003290/ringtest-temp/./x86_64/special:10: DeprecationWarning: pkg_resources is deprecated as an API. See https://setuptools.pypa.io/en/latest/pkg_resources.html
  from pkg_resources import working_set
/home/pj24003105/ku40003290/ringtest-temp/./x86_64/special:10: DeprecationWarning: pkg_resources is deprecated as an API. See https://setuptools.pypa.io/en/latest/pkg_resources.html
  from pkg_resources import working_set
/home/pj24003105/ku40003290/ringtest-temp/./x86_64/special:10: DeprecationWarning: pkg_resources is deprecated as an API. See https://setuptools.pypa.io/en/latest/pkg_resources.html
  from pkg_resources import working_set
/home/pj24003105/ku40003290/ringtest-temp/./x86_64/special:10: DeprecationWarning: pkg_resources is deprecated as an API. See https://setuptools.pypa.io/en/latest/pkg_resources.html
  from pkg_resources import working_set
/home/pj24003105/ku40003290/ringtest-temp/./x86_64/special:10: DeprecationWarning: pkg_resources is deprecated as an API. See https://setuptools.pypa.io/en/latest/pkg_resources.html
  from pkg_resources import working_set
/home/pj24003105/ku40003290/ringtest-temp/./x86_64/special:10: DeprecationWarning: pkg_resources is deprecated as an API. See https://setuptools.pypa.io/en/latest/pkg_resources.html
  from pkg_resources import working_set
/home/pj24003105/ku40003290/ringtest-temp/./x86_64/special:10: DeprecationWarning: pkg_resources is deprecated as an API. See https://setuptools.pypa.io/en/latest/pkg_resources.html
  from pkg_resources import working_set
/home/pj24003105/ku40003290/ringtest-temp/./x86_64/special:10: DeprecationWarning: pkg_resources is deprecated as an API. See https://setuptools.pypa.io/en/latest/pkg_resources.html
  from pkg_resources import working_set
/home/pj24003105/ku40003290/ringtest-temp/./x86_64/special:10: DeprecationWarning: pkg_resources is deprecated as an API. See https://setuptools.pypa.io/en/latest/pkg_resources.html
  from pkg_resources import working_set
/home/pj24003105/ku40003290/ringtest-temp/./x86_64/special:10: DeprecationWarning: pkg_resources is deprecated as an API. See https://setuptools.pypa.io/en/latest/pkg_resources.html
  from pkg_resources import working_set
/home/pj24003105/ku40003290/ringtest-temp/./x86_64/special:10: DeprecationWarning: pkg_resources is deprecated as an API. See https://setuptools.pypa.io/en/latest/pkg_resources.html
  from pkg_resources import working_set
/home/pj24003105/ku40003290/ringtest-temp/./x86_64/special:10: DeprecationWarning: pkg_resources is deprecated as an API. See https://setuptools.pypa.io/en/latest/pkg_resources.html
  from pkg_resources import working_set
/home/pj24003105/ku40003290/ringtest-temp/./x86_64/special:10: DeprecationWarning: pkg_resources is deprecated as an API. See https://setuptools.pypa.io/en/latest/pkg_resources.html
  from pkg_resources import working_set
/home/pj24003105/ku40003290/ringtest-temp/./x86_64/special:10: DeprecationWarning: pkg_resources is deprecated as an API. See https://setuptools.pypa.io/en/latest/pkg_resources.html
  from pkg_resources import working_set
/home/pj24003105/ku40003290/ringtest-temp/./x86_64/special:10: DeprecationWarning: pkg_resources is deprecated as an API. See https://setuptools.pypa.io/en/latest/pkg_resources.html
  from pkg_resources import working_set
/home/pj24003105/ku40003290/ringtest-temp/./x86_64/special:10: DeprecationWarning: pkg_resources is deprecated as an API. See https://setuptools.pypa.io/en/latest/pkg_resources.html
  from pkg_resources import working_set
/home/pj24003105/ku40003290/ringtest-temp/./x86_64/special:10: DeprecationWarning: pkg_resources is deprecated as an API. See https://setuptools.pypa.io/en/latest/pkg_resources.html
  from pkg_resources import working_set
/home/pj24003105/ku40003290/ringtest-temp/./x86_64/special:10: DeprecationWarning: pkg_resources is deprecated as an API. See https://setuptools.pypa.io/en/latest/pkg_resources.html
  from pkg_resources import working_set
/home/pj24003105/ku40003290/ringtest-temp/./x86_64/special:10: DeprecationWarning: pkg_resources is deprecated as an API. See https://setuptools.pypa.io/en/latest/pkg_resources.html
  from pkg_resources import working_set
/home/pj24003105/ku40003290/ringtest-temp/./x86_64/special:10: DeprecationWarning: pkg_resources is deprecated as an API. See https://setuptools.pypa.io/en/latest/pkg_resources.html
  from pkg_resources import working_set
/home/pj24003105/ku40003290/ringtest-temp/./x86_64/special:10: DeprecationWarning: pkg_resources is deprecated as an API. See https://setuptools.pypa.io/en/latest/pkg_resources.html
  from pkg_resources import working_set
/home/pj24003105/ku40003290/ringtest-temp/./x86_64/special:10: DeprecationWarning: pkg_resources is deprecated as an API. See https://setuptools.pypa.io/en/latest/pkg_resources.html
  from pkg_resources import working_set
/home/pj24003105/ku40003290/ringtest-temp/./x86_64/special:10: DeprecationWarning: pkg_resources is deprecated as an API. See https://setuptools.pypa.io/en/latest/pkg_resources.html
  from pkg_resources import working_set
/home/pj24003105/ku40003290/ringtest-temp/./x86_64/special:10: DeprecationWarning: pkg_resources is deprecated as an API. See https://setuptools.pypa.io/en/latest/pkg_resources.html
  from pkg_resources import working_set
/home/pj24003105/ku40003290/ringtest-temp/./x86_64/special:10: DeprecationWarning: pkg_resources is deprecated as an API. See https://setuptools.pypa.io/en/latest/pkg_resources.html
  from pkg_resources import working_set
/home/pj24003105/ku40003290/ringtest-temp/./x86_64/special:10: DeprecationWarning: pkg_resources is deprecated as an API. See https://setuptools.pypa.io/en/latest/pkg_resources.html
  from pkg_resources import working_set
/home/pj24003105/ku40003290/ringtest-temp/./x86_64/special:10: DeprecationWarning: pkg_resources is deprecated as an API. See https://setuptools.pypa.io/en/latest/pkg_resources.html
  from pkg_resources import working_set
/home/pj24003105/ku40003290/ringtest-temp/./x86_64/special:10: DeprecationWarning: pkg_resources is deprecated as an API. See https://setuptools.pypa.io/en/latest/pkg_resources.html
  from pkg_resources import working_set
/home/pj24003105/ku40003290/ringtest-temp/./x86_64/special:10: DeprecationWarning: pkg_resources is deprecated as an API. See https://setuptools.pypa.io/en/latest/pkg_resources.html
  from pkg_resources import working_set
/home/pj24003105/ku40003290/ringtest-temp/./x86_64/special:10: DeprecationWarning: pkg_resources is deprecated as an API. See https://setuptools.pypa.io/en/latest/pkg_resources.html
  from pkg_resources import working_set
/home/pj24003105/ku40003290/ringtest-temp/./x86_64/special:10: DeprecationWarning: pkg_resources is deprecated as an API. See https://setuptools.pypa.io/en/latest/pkg_resources.html
  from pkg_resources import working_set
/home/pj24003105/ku40003290/ringtest-temp/./x86_64/special:10: DeprecationWarning: pkg_resources is deprecated as an API. See https://setuptools.pypa.io/en/latest/pkg_resources.html
  from pkg_resources import working_set
/home/pj24003105/ku40003290/ringtest-temp/./x86_64/special:10: DeprecationWarning: pkg_resources is deprecated as an API. See https://setuptools.pypa.io/en/latest/pkg_resources.html
  from pkg_resources import working_set
/home/pj24003105/ku40003290/ringtest-temp/./x86_64/special:10: DeprecationWarning: pkg_resources is deprecated as an API. See https://setuptools.pypa.io/en/latest/pkg_resources.html
  from pkg_resources import working_set
/home/pj24003105/ku40003290/ringtest-temp/./x86_64/special:10: DeprecationWarning: pkg_resources is deprecated as an API. See https://setuptools.pypa.io/en/latest/pkg_resources.html
  from pkg_resources import working_set
/home/pj24003105/ku40003290/ringtest-temp/./x86_64/special:10: DeprecationWarning: pkg_resources is deprecated as an API. See https://setuptools.pypa.io/en/latest/pkg_resources.html
  from pkg_resources import working_set
/home/pj24003105/ku40003290/ringtest-temp/./x86_64/special:10: DeprecationWarning: pkg_resources is deprecated as an API. See https://setuptools.pypa.io/en/latest/pkg_resources.html
  from pkg_resources import working_set
/home/pj24003105/ku40003290/ringtest-temp/./x86_64/special:10: DeprecationWarning: pkg_resources is deprecated as an API. See https://setuptools.pypa.io/en/latest/pkg_resources.html
  from pkg_resources import working_set
/home/pj24003105/ku40003290/ringtest-temp/./x86_64/special:10: DeprecationWarning: pkg_resources is deprecated as an API. See https://setuptools.pypa.io/en/latest/pkg_resources.html
  from pkg_resources import working_set
/home/pj24003105/ku40003290/ringtest-temp/./x86_64/special:10: DeprecationWarning: pkg_resources is deprecated as an API. See https://setuptools.pypa.io/en/latest/pkg_resources.html
  from pkg_resources import working_set
/home/pj24003105/ku40003290/ringtest-temp/./x86_64/special:10: DeprecationWarning: pkg_resources is deprecated as an API. See https://setuptools.pypa.io/en/latest/pkg_resources.html
  from pkg_resources import working_set
/home/pj24003105/ku40003290/ringtest-temp/./x86_64/special:10: DeprecationWarning: pkg_resources is deprecated as an API. See https://setuptools.pypa.io/en/latest/pkg_resources.html
  from pkg_resources import working_set
/home/pj24003105/ku40003290/ringtest-temp/./x86_64/special:10: DeprecationWarning: pkg_resources is deprecated as an API. See https://setuptools.pypa.io/en/latest/pkg_resources.html
  from pkg_resources import working_set
/home/pj24003105/ku40003290/ringtest-temp/./x86_64/special:10: DeprecationWarning: pkg_resources is deprecated as an API. See https://setuptools.pypa.io/en/latest/pkg_resources.html
  from pkg_resources import working_set
/home/pj24003105/ku40003290/ringtest-temp/./x86_64/special:10: DeprecationWarning: pkg_resources is deprecated as an API. See https://setuptools.pypa.io/en/latest/pkg_resources.html
  from pkg_resources import working_set
/home/pj24003105/ku40003290/ringtest-temp/./x86_64/special:10: DeprecationWarning: pkg_resources is deprecated as an API. See https://setuptools.pypa.io/en/latest/pkg_resources.html
  from pkg_resources import working_set
/home/pj24003105/ku40003290/ringtest-temp/./x86_64/special:10: DeprecationWarning: pkg_resources is deprecated as an API. See https://setuptools.pypa.io/en/latest/pkg_resources.html
  from pkg_resources import working_set
/home/pj24003105/ku40003290/ringtest-temp/./x86_64/special:10: DeprecationWarning: pkg_resources is deprecated as an API. See https://setuptools.pypa.io/en/latest/pkg_resources.html
  from pkg_resources import working_set
/home/pj24003105/ku40003290/ringtest-temp/./x86_64/special:10: DeprecationWarning: pkg_resources is deprecated as an API. See https://setuptools.pypa.io/en/latest/pkg_resources.html
  from pkg_resources import working_set
/home/pj24003105/ku40003290/ringtest-temp/./x86_64/special:10: DeprecationWarning: pkg_resources is deprecated as an API. See https://setuptools.pypa.io/en/latest/pkg_resources.html
  from pkg_resources import working_set
/home/pj24003105/ku40003290/ringtest-temp/./x86_64/special:10: DeprecationWarning: pkg_resources is deprecated as an API. See https://setuptools.pypa.io/en/latest/pkg_resources.html
  from pkg_resources import working_set
/home/pj24003105/ku40003290/ringtest-temp/./x86_64/special:10: DeprecationWarning: pkg_resources is deprecated as an API. See https://setuptools.pypa.io/en/latest/pkg_resources.html
  from pkg_resources import working_set
/home/pj24003105/ku40003290/ringtest-temp/./x86_64/special:10: DeprecationWarning: pkg_resources is deprecated as an API. See https://setuptools.pypa.io/en/latest/pkg_resources.html
  from pkg_resources import working_set
/home/pj24003105/ku40003290/ringtest-temp/./x86_64/special:10: DeprecationWarning: pkg_resources is deprecated as an API. See https://setuptools.pypa.io/en/latest/pkg_resources.html
  from pkg_resources import working_set
/home/pj24003105/ku40003290/ringtest-temp/./x86_64/special:10: DeprecationWarning: pkg_resources is deprecated as an API. See https://setuptools.pypa.io/en/latest/pkg_resources.html
  from pkg_resources import working_set
/home/pj24003105/ku40003290/ringtest-temp/./x86_64/special:10: DeprecationWarning: pkg_resources is deprecated as an API. See https://setuptools.pypa.io/en/latest/pkg_resources.html
  from pkg_resources import working_set
/home/pj24003105/ku40003290/ringtest-temp/./x86_64/special:10: DeprecationWarning: pkg_resources is deprecated as an API. See https://setuptools.pypa.io/en/latest/pkg_resources.html
  from pkg_resources import working_set
NEURON -- VERSION 8.2.6 HEAD (078a34a9d) 2024-07-24
Duke, Yale, and the BlueBrain Project -- Copyright 1984-2022
See http://neuron.yale.edu/neuron/credits

Additional mechanisms from files
 "mod/halfgap.mod"
